<?xml version="1.0" encoding="UTF-8" ?>
<testsuite tests="16" failures="1" name="TestSuite" time="32.736" errors="0" skipped="0">
  <properties>
[...]
</properties>
  <testcase classname="com.salesforce.testcases.AccountsPageTest" name="AccountLastActivityTest" time="4.848"/>
  <testcase classname="com.salesforce.testcases.AccountsPageTest" name="MergeAccounts" time="1.873"/>
  <testcase classname="com.salesforce.testcases.AccountsPageTest" name="NewAccountTest" time="2.125"/>
  <testcase classname="com.salesforce.testcases.AccountsPageTest" name="NewViewTest" time="1.035"/>
  <testcase classname="com.salesforce.testcases.ProfilesPageTest" name="SharePostTest" time="0.769"/>
  <testcase classname="com.salesforce.testcases.ProfilesPageTest" name="UpLoadPictureTest" time="10.58"/>
  <testcase classname="com.salesforce.testcases.ProfilesPageTest" name="UpdateProfileTest" time="2.467"/>
  <testcase classname="com.salesforce.testcases.ProfilesPageTest" name="validateProfilesPageTitleTest" time="0.029"/>
  <testcase classname="com.salesforce.testcases.HomePageTest" name="LogOut" time="0.335"/>
  <testcase classname="com.salesforce.testcases.MySettingsPageTest" name="CalendarAndRemindersTest" time="0.782">
    <failure message="no such alert
  (Session info: chrome=72.0.3626.119)
  (Driver info: chromedriver=2.46.628411 (3324f4c8be9ff2f70a05a30ebc72ffb013e1a71e),platform=Mac OS X 10.12.6 x86_64) (WARNING: The server did not provide any stacktrace information)
Command duration or timeout: 0 milliseconds
Build info: version: &apos;3.141.59&apos;, revision: &apos;e82be7d358&apos;, time: &apos;2018-11-14T08:17:03&apos;
System info: host: &apos;Manojs-MacBook-Pro.local&apos;, ip: &apos;10.233.193.142&apos;, os.name: &apos;Mac OS X&apos;, os.arch: &apos;x86_64&apos;, os.version: &apos;10.12.6&apos;, java.version: &apos;1.8.0_131&apos;
Driver info: org.openqa.selenium.chrome.ChromeDriver
Capabilities {acceptInsecureCerts: false, acceptSslCerts: false, applicationCacheEnabled: false, browserConnectionEnabled: false, browserName: chrome, chrome: {chromedriverVersion: 2.46.628411 (3324f4c8be9ff2..., userDataDir: /var/folders/pv/y87w92yn0w3...}, cssSelectorsEnabled: true, databaseEnabled: false, goog:chromeOptions: {debuggerAddress: localhost:53158}, handlesAlerts: true, hasTouchScreen: false, javascriptEnabled: true, locationContextEnabled: true, mobileEmulationEnabled: false, nativeEvents: true, networkConnectionEnabled: false, pageLoadStrategy: normal, platform: MAC, platformName: MAC, proxy: Proxy(), rotatable: false, setWindowRect: true, strictFileInteractability: false, takesHeapSnapshot: true, takesScreenshot: true, timeouts: {implicit: 0, pageLoad: 300000, script: 30000}, unexpectedAlertBehaviour: ignore, unhandledPromptBehavior: ignore, version: 72.0.3626.119, webStorageEnabled: true}
Session ID: 9543299307338f7828343f201ab55d07" type="org.openqa.selenium.NoAlertPresentException">org.openqa.selenium.NoAlertPresentException: no such alert
  (Session info: chrome=72.0.3626.119)
  (Driver info: chromedriver=2.46.628411 (3324f4c8be9ff2f70a05a30ebc72ffb013e1a71e),platform=Mac OS X 10.12.6 x86_64) (WARNING: The server did not provide any stacktrace information)
Command duration or timeout: 0 milliseconds
Build info: version: &apos;3.141.59&apos;, revision: &apos;e82be7d358&apos;, time: &apos;2018-11-14T08:17:03&apos;
System info: host: &apos;Manojs-MacBook-Pro.local&apos;, ip: &apos;10.233.193.142&apos;, os.name: &apos;Mac OS X&apos;, os.arch: &apos;x86_64&apos;, os.version: &apos;10.12.6&apos;, java.version: &apos;1.8.0_131&apos;
Driver info: org.openqa.selenium.chrome.ChromeDriver
Capabilities {acceptInsecureCerts: false, acceptSslCerts: false, applicationCacheEnabled: false, browserConnectionEnabled: false, browserName: chrome, chrome: {chromedriverVersion: 2.46.628411 (3324f4c8be9ff2..., userDataDir: /var/folders/pv/y87w92yn0w3...}, cssSelectorsEnabled: true, databaseEnabled: false, goog:chromeOptions: {debuggerAddress: localhost:53158}, handlesAlerts: true, hasTouchScreen: false, javascriptEnabled: true, locationContextEnabled: true, mobileEmulationEnabled: false, nativeEvents: true, networkConnectionEnabled: false, pageLoadStrategy: normal, platform: MAC, platformName: MAC, proxy: Proxy(), rotatable: false, setWindowRect: true, strictFileInteractability: false, takesHeapSnapshot: true, takesScreenshot: true, timeouts: {implicit: 0, pageLoad: 300000, script: 30000}, unexpectedAlertBehaviour: ignore, unhandledPromptBehavior: ignore, version: 72.0.3626.119, webStorageEnabled: true}
Session ID: 9543299307338f7828343f201ab55d07
	at sun.reflect.NativeConstructorAccessorImpl.newInstance0(Native Method)
	at sun.reflect.NativeConstructorAccessorImpl.newInstance(NativeConstructorAccessorImpl.java:62)
	at sun.reflect.DelegatingConstructorAccessorImpl.newInstance(DelegatingConstructorAccessorImpl.java:45)
	at java.lang.reflect.Constructor.newInstance(Constructor.java:423)
	at org.openqa.selenium.remote.ErrorHandler.createThrowable(ErrorHandler.java:214)
	at org.openqa.selenium.remote.ErrorHandler.throwIfResponseFailed(ErrorHandler.java:166)
	at org.openqa.selenium.remote.http.JsonHttpResponseCodec.reconstructValue(JsonHttpResponseCodec.java:40)
	at org.openqa.selenium.remote.http.AbstractHttpResponseCodec.decode(AbstractHttpResponseCodec.java:80)
	at org.openqa.selenium.remote.http.AbstractHttpResponseCodec.decode(AbstractHttpResponseCodec.java:44)
	at org.openqa.selenium.remote.HttpCommandExecutor.execute(HttpCommandExecutor.java:158)
	at org.openqa.selenium.remote.service.DriverCommandExecutor.execute(DriverCommandExecutor.java:83)
	at org.openqa.selenium.remote.RemoteWebDriver.execute(RemoteWebDriver.java:552)
	at org.openqa.selenium.remote.RemoteWebDriver.execute(RemoteWebDriver.java:609)
	at org.openqa.selenium.remote.RemoteWebDriver$RemoteTargetLocator.alert(RemoteWebDriver.java:932)
	at com.salesforce.util.TestUtil.dismissalert(TestUtil.java:37)
	at com.salesforce.pages.MySettingsPage.CalendarAndReminders(MySettingsPage.java:89)
	at com.salesforce.testcases.MySettingsPageTest.CalendarAndRemindersTest(MySettingsPageTest.java:56)
</failure>
    <system-err>Starting ChromeDriver 2.46.628411 (3324f4c8be9ff2f70a05a30ebc72ffb013e1a71e) on port 10898
Only local connections are allowed.
Please protect ports used by ChromeDriver and related test frameworks to prevent access by malicious code.
Mar 03, 2019 10:55:31 PM org.openqa.selenium.remote.ProtocolHandshake createSession
INFO: Detected dialect: OSS
</system-err>
  </testcase>
  <testcase classname="com.salesforce.testcases.MySettingsPageTest" name="CustomizeTabsTest" time="1.569"/>
  <testcase classname="com.salesforce.testcases.MySettingsPageTest" name="DownloadHistoryTest" time="1.8"/>
  <testcase classname="com.salesforce.testcases.MySettingsPageTest" name="EmailUpdateTest" time="4.494"/>
  <testcase classname="com.salesforce.testcases.MySettingsPageTest" name="validateMySettingsPageTitleTest" time="0.011"/>
  <testcase classname="com.salesforce.testcases.AccountsPageTest" name="validateAccountsPageTitleTest" time="0.012"/>
  <testcase classname="com.salesforce.testcases.HomePageTest" name="validateHomePageTitleTest" time="0.007"/>
</testsuite>